<?xml version="1.0" encoding="UTF-8"?>
<!-- Generated by org.testng.reporters.JUnitXMLReporter -->
<testsuite hostname="DESKTOP-QA7T95C" ignored="2" name="Test(failed)(failed)" tests="1" failures="0" timestamp="2022-03-25T22:29:24 IST" time="27.77" errors="0">
  <testcase name="validateRegisterbuttonTest" time="8.635" classname="sdet.test.LoginPageTest"/>
  <testcase name="validateLogoTest" time="0.0" classname="sdet.test.LoginPageTest">
    <ignored/>
  </testcase> <!-- validateLogoTest -->
  <testcase name="validateLoginTest" time="0.0" classname="sdet.test.LoginPageTest">
    <ignored/>
  </testcase> <!-- validateLoginTest -->
</testsuite> <!-- Test(failed)(failed) -->
