<?xml version="1.0" encoding="UTF-8"?>
<!-- Generated by org.testng.reporters.JUnitXMLReporter -->
<testsuite hostname="DESKTOP-QA7T95C" ignored="0" name="Test" tests="1" failures="1" timestamp="2022-03-26T21:30:07 IST" time="21.356" errors="0">
  <testcase name="validateRegisterbuttonClickTest" time="5.648" classname="sdet.test.LoginPageTest">
    <failure type="java.lang.AssertionError" message="The following asserts failed:
	expected [Regi] but found [Register],
	expected [Your Personal] but found [Your Personal Details]">
      <![CDATA[java.lang.AssertionError: The following asserts failed:
expected [Regi] but found [Register],
expected [Your Personal] but found [Your Personal Details]
at sdet.test.LoginPageTest.validateRegisterbuttonClickTest(LoginPageTest.java:50)
at java.util.ArrayList.forEach(Unknown Source)
... Removed 29 stack frames]]>
    </failure>
  </testcase> <!-- validateRegisterbuttonClickTest -->
</testsuite> <!-- Test -->
