<?xml version="1.0" encoding="UTF-8"?>
<!-- Generated by org.testng.reporters.JUnitXMLReporter -->
<testsuite hostname="DESKTOP-QA7T95C" ignored="2" name="Test(failed)" tests="1" failures="1" timestamp="2022-03-25T22:27:27 IST" time="22.119" errors="0">
  <testcase name="validateRegisterbuttonTest" time="5.831" classname="sdet.test.LoginPageTest">
    <failure type="java.lang.AssertionError" message="expected [Registeration] but found [Register]">
      <![CDATA[java.lang.AssertionError: expected [Registeration] but found [Register]
at sdet.test.LoginPageTest.validateRegisterbuttonTest(LoginPageTest.java:35)
at java.util.ArrayList.forEach(Unknown Source)
... Removed 33 stack frames]]>
    </failure>
  </testcase> <!-- validateRegisterbuttonTest -->
  <testcase name="validateLogoTest" time="0.0" classname="sdet.test.LoginPageTest">
    <ignored/>
  </testcase> <!-- validateLogoTest -->
  <testcase name="validateLoginTest" time="0.0" classname="sdet.test.LoginPageTest">
    <ignored/>
  </testcase> <!-- validateLoginTest -->
</testsuite> <!-- Test(failed) -->
